kotlin version: 2.1.21
error message: org.jetbrains.kotlin.backend.common.BackendException: Backend Internal error: Exception during IR lowering
File being compiled: /home/trufanov/All/projectsTest/android/ThousandsOfCourses/feature_auth/src/main/java/com/fruitflvme/feature_auth/AuthScreen.kt
The root cause java.lang.RuntimeException was thrown at: org.jetbrains.kotlin.backend.jvm.codegen.FunctionCodegen.generate(FunctionCodegen.kt:48)
	at org.jetbrains.kotlin.backend.common.CodegenUtil.reportBackendException(CodegenUtil.kt:107)
	at org.jetbrains.kotlin.backend.common.CodegenUtil.reportBackendException$default(CodegenUtil.kt:90)
	at org.jetbrains.kotlin.backend.common.phaser.PerformByIrFilePhase.invokeSequential(performByIrFile.kt:54)
	at org.jetbrains.kotlin.backend.common.phaser.PerformByIrFilePhase.invoke(performByIrFile.kt:41)
	at org.jetbrains.kotlin.backend.common.phaser.PerformByIrFilePhase.invoke(performByIrFile.kt:27)
	at org.jetbrains.kotlin.config.phaser.CompilerPhaseKt.invokeToplevel(CompilerPhase.kt:62)
	at org.jetbrains.kotlin.backend.jvm.JvmIrCodegenFactory.invokeCodegen(JvmIrCodegenFactory.kt:371)
	at org.jetbrains.kotlin.cli.jvm.compiler.KotlinToJVMBytecodeCompiler.runCodegen$cli(KotlinToJVMBytecodeCompiler.kt:413)
	at org.jetbrains.kotlin.cli.pipeline.jvm.JvmBackendPipelinePhase.executePhase(JvmBackendPipelinePhase.kt:98)
	at org.jetbrains.kotlin.cli.pipeline.jvm.JvmBackendPipelinePhase.executePhase(JvmBackendPipelinePhase.kt:30)
	at org.jetbrains.kotlin.cli.pipeline.PipelinePhase.phaseBody(PipelinePhase.kt:68)
	at org.jetbrains.kotlin.cli.pipeline.PipelinePhase.phaseBody(PipelinePhase.kt:58)
	at org.jetbrains.kotlin.config.phaser.SimpleNamedCompilerPhase.phaseBody(CompilerPhase.kt:215)
	at org.jetbrains.kotlin.config.phaser.NamedCompilerPhase.invoke(CompilerPhase.kt:111)
	at org.jetbrains.kotlin.backend.common.phaser.CompositePhase.invoke(PhaseBuilders.kt:28)
	at org.jetbrains.kotlin.config.phaser.CompilerPhaseKt.invokeToplevel(CompilerPhase.kt:62)
	at org.jetbrains.kotlin.cli.pipeline.AbstractCliPipeline.runPhasedPipeline(AbstractCliPipeline.kt:106)
	at org.jetbrains.kotlin.cli.pipeline.AbstractCliPipeline.execute(AbstractCliPipeline.kt:65)
	at org.jetbrains.kotlin.cli.jvm.K2JVMCompiler.doExecutePhased(K2JVMCompiler.kt:61)
	at org.jetbrains.kotlin.cli.jvm.K2JVMCompiler.doExecutePhased(K2JVMCompiler.kt:36)
	at org.jetbrains.kotlin.cli.common.CLICompiler.execImpl(CLICompiler.kt:80)
	at org.jetbrains.kotlin.cli.common.CLICompiler.exec(CLICompiler.kt:337)
	at org.jetbrains.kotlin.incremental.IncrementalJvmCompilerRunner.runCompiler(IncrementalJvmCompilerRunner.kt:466)
	at org.jetbrains.kotlin.incremental.IncrementalJvmCompilerRunner.runCompiler(IncrementalJvmCompilerRunner.kt:75)
	at org.jetbrains.kotlin.incremental.IncrementalCompilerRunner.doCompile(IncrementalCompilerRunner.kt:514)
	at org.jetbrains.kotlin.incremental.IncrementalCompilerRunner.compileImpl(IncrementalCompilerRunner.kt:431)
	at org.jetbrains.kotlin.incremental.IncrementalCompilerRunner.compileNonIncrementally(IncrementalCompilerRunner.kt:310)
	at org.jetbrains.kotlin.incremental.IncrementalCompilerRunner.compile(IncrementalCompilerRunner.kt:137)
	at org.jetbrains.kotlin.daemon.CompileServiceImplBase.execIncrementalCompiler(CompileServiceImpl.kt:678)
	at org.jetbrains.kotlin.daemon.CompileServiceImplBase.access$execIncrementalCompiler(CompileServiceImpl.kt:92)
	at org.jetbrains.kotlin.daemon.CompileServiceImpl.compile(CompileServiceImpl.kt:1805)
	at java.base/jdk.internal.reflect.DirectMethodHandleAccessor.invoke(Unknown Source)
	at java.base/java.lang.reflect.Method.invoke(Unknown Source)
	at java.rmi/sun.rmi.server.UnicastServerRef.dispatch(Unknown Source)
	at java.rmi/sun.rmi.transport.Transport$1.run(Unknown Source)
	at java.rmi/sun.rmi.transport.Transport$1.run(Unknown Source)
	at java.base/java.security.AccessController.doPrivileged(Unknown Source)
	at java.rmi/sun.rmi.transport.Transport.serviceCall(Unknown Source)
	at java.rmi/sun.rmi.transport.tcp.TCPTransport.handleMessages(Unknown Source)
	at java.rmi/sun.rmi.transport.tcp.TCPTransport$ConnectionHandler.run0(Unknown Source)
	at java.rmi/sun.rmi.transport.tcp.TCPTransport$ConnectionHandler.lambda$run$0(Unknown Source)
	at java.base/java.security.AccessController.doPrivileged(Unknown Source)
	at java.rmi/sun.rmi.transport.tcp.TCPTransport$ConnectionHandler.run(Unknown Source)
	at java.base/java.util.concurrent.ThreadPoolExecutor.runWorker(Unknown Source)
	at java.base/java.util.concurrent.ThreadPoolExecutor$Worker.run(Unknown Source)
	at java.base/java.lang.Thread.run(Unknown Source)
Caused by: java.lang.RuntimeException: Exception while generating code for:
FUN name:AuthScreen visibility:public modality:FINAL <> (onAuthSuccess:kotlin.Function0<kotlin.Unit>, viewModel:com.fruitflvme.feature_auth.AuthViewModel) returnType:kotlin.Unit
  annotations:
    Composable
  VALUE_PARAMETER name:onAuthSuccess index:0 type:kotlin.Function0<kotlin.Unit>
  VALUE_PARAMETER name:viewModel index:1 type:com.fruitflvme.feature_auth.AuthViewModel
    EXPRESSION_BODY
      ERROR_EXPR 'Default Stub' type=com.fruitflvme.feature_auth.AuthViewModel
  BLOCK_BODY
    VAR PROPERTY_DELEGATE name:uiState$delegate type:androidx.compose.runtime.State<com.fruitflvme.feature_auth.AuthUiState> [val]
      TYPE_OP type=androidx.compose.runtime.State<com.fruitflvme.feature_auth.AuthUiState> origin=IMPLICIT_CAST typeOperand=androidx.compose.runtime.State<com.fruitflvme.feature_auth.AuthUiState>
        CALL 'public final fun collectAsState$default <T> (context: kotlin.coroutines.CoroutineContext?, $mask0: kotlin.Int, $handler: kotlin.Any?): androidx.compose.runtime.State<T of androidx.compose.runtime.SnapshotStateKt.collectAsState$default> declared in androidx.compose.runtime.SnapshotStateKt' type=androidx.compose.runtime.State<T of androidx.compose.runtime.SnapshotStateKt.collectAsState$default> origin=DEFAULT_DISPATCH_CALL
          <T>: com.fruitflvme.feature_auth.AuthUiState
          $receiver: CALL 'public final fun <get-uiState> (): kotlinx.coroutines.flow.StateFlow<com.fruitflvme.feature_auth.AuthUiState> declared in com.fruitflvme.feature_auth.AuthViewModel' type=kotlinx.coroutines.flow.StateFlow<com.fruitflvme.feature_auth.AuthUiState> origin=GET_PROPERTY
            $this: GET_VAR 'viewModel: com.fruitflvme.feature_auth.AuthViewModel declared in com.fruitflvme.feature_auth.AuthScreenKt.AuthScreen' type=com.fruitflvme.feature_auth.AuthViewModel origin=null
          context: COMPOSITE type=kotlin.coroutines.CoroutineContext? origin=DEFAULT_VALUE
            CONST Null type=kotlin.coroutines.CoroutineContext? value=null
          $mask0: CONST Int type=kotlin.Int value=1
          $handler: CONST Null type=kotlin.Any? value=null
    VAR name:scope type:kotlinx.coroutines.CoroutineScope [val]
      CALL 'public final fun rememberCoroutineScope$default (getContext: @[DisallowComposableCalls] kotlin.Function0<kotlin.coroutines.CoroutineContext>?, $mask0: kotlin.Int, $handler: kotlin.Any?): kotlinx.coroutines.CoroutineScope [inline] declared in androidx.compose.runtime.EffectsKt' type=kotlinx.coroutines.CoroutineScope origin=DEFAULT_DISPATCH_CALL
        getContext: COMPOSITE type=@[DisallowComposableCalls] kotlin.Function0<kotlin.coroutines.CoroutineContext>? origin=DEFAULT_VALUE
          CONST Null type=@[DisallowComposableCalls] kotlin.Function0<kotlin.coroutines.CoroutineContext>? value=null
        $mask0: CONST Int type=kotlin.Int value=1
        $handler: CONST Null type=kotlin.Any? value=null
    VAR PROPERTY_DELEGATE name:email$delegate type:androidx.compose.runtime.MutableState<kotlin.String> [val]
      CALL 'public final fun remember <T> (calculation: @[DisallowComposableCalls] kotlin.Function0<T of androidx.compose.runtime.ComposablesKt.remember>): T of androidx.compose.runtime.ComposablesKt.remember [inline] declared in androidx.compose.runtime.ComposablesKt' type=androidx.compose.runtime.MutableState<kotlin.String> origin=null
        <T>: androidx.compose.runtime.MutableState<kotlin.String>
        calculation: BLOCK type=kotlin.Function0<androidx.compose.runtime.MutableState<kotlin.String>> origin=LAMBDA
          COMPOSITE type=kotlin.Unit origin=null
          FUNCTION_REFERENCE 'private final fun AuthScreen$lambda$1 (): androidx.compose.runtime.MutableState<kotlin.String> declared in com.fruitflvme.feature_auth.AuthScreenKt' type=kotlin.Function0<androidx.compose.runtime.MutableState<kotlin.String>> origin=INLINE_LAMBDA reflectionTarget=null
    VAR PROPERTY_DELEGATE name:password$delegate type:androidx.compose.runtime.MutableState<kotlin.String> [val]
      CALL 'public final fun remember <T> (calculation: @[DisallowComposableCalls] kotlin.Function0<T of androidx.compose.runtime.ComposablesKt.remember>): T of androidx.compose.runtime.ComposablesKt.remember [inline] declared in androidx.compose.runtime.ComposablesKt' type=androidx.compose.runtime.MutableState<kotlin.String> origin=null
        <T>: androidx.compose.runtime.MutableState<kotlin.String>
        calculation: BLOCK type=kotlin.Function0<androidx.compose.runtime.MutableState<kotlin.String>> origin=LAMBDA
          COMPOSITE type=kotlin.Unit origin=null
          FUNCTION_REFERENCE 'private final fun AuthScreen$lambda$4 (): androidx.compose.runtime.MutableState<kotlin.String> declared in com.fruitflvme.feature_auth.AuthScreenKt' type=kotlin.Function0<androidx.compose.runtime.MutableState<kotlin.String>> origin=INLINE_LAMBDA reflectionTarget=null
    CALL 'public final fun Column$default (modifier: androidx.compose.ui.Modifier?, verticalArrangement: androidx.compose.foundation.layout.Arrangement.Vertical?, horizontalAlignment: androidx.compose.ui.Alignment.Horizontal?, content: @[Composable] @[ExtensionFunctionType] kotlin.Function1<androidx.compose.foundation.layout.ColumnScope, kotlin.Unit>, $mask0: kotlin.Int, $handler: kotlin.Any?): kotlin.Unit [inline] declared in androidx.compose.foundation.layout.ColumnKt' type=kotlin.Unit origin=DEFAULT_DISPATCH_CALL
      modifier: COMPOSITE type=androidx.compose.ui.Modifier? origin=DEFAULT_VALUE
        CONST Null type=androidx.compose.ui.Modifier? value=null
      verticalArrangement: COMPOSITE type=androidx.compose.foundation.layout.Arrangement.Vertical? origin=DEFAULT_VALUE
        CONST Null type=androidx.compose.foundation.layout.Arrangement.Vertical? value=null
      horizontalAlignment: COMPOSITE type=androidx.compose.ui.Alignment.Horizontal? origin=DEFAULT_VALUE
        CONST Null type=androidx.compose.ui.Alignment.Horizontal? value=null
      content: BLOCK type=@[ExtensionFunctionType] kotlin.Function1<androidx.compose.foundation.layout.ColumnScope, kotlin.Unit> origin=LAMBDA
        COMPOSITE type=kotlin.Unit origin=null
        FUNCTION_REFERENCE 'private final fun AuthScreen$lambda$15 ($email$delegate: androidx.compose.runtime.MutableState<kotlin.String>, $password$delegate: androidx.compose.runtime.MutableState<kotlin.String>, $viewModel: com.fruitflvme.feature_auth.AuthViewModel): kotlin.Unit declared in com.fruitflvme.feature_auth.AuthScreenKt' type=@[ExtensionFunctionType] kotlin.Function1<androidx.compose.foundation.layout.ColumnScope, kotlin.Unit> origin=INLINE_LAMBDA reflectionTarget=null
          $email$delegate: GET_VAR 'val email$delegate: androidx.compose.runtime.MutableState<kotlin.String> [val] declared in com.fruitflvme.feature_auth.AuthScreenKt.AuthScreen' type=androidx.compose.runtime.MutableState<kotlin.String> origin=null
          $password$delegate: GET_VAR 'val password$delegate: androidx.compose.runtime.MutableState<kotlin.String> [val] declared in com.fruitflvme.feature_auth.AuthScreenKt.AuthScreen' type=androidx.compose.runtime.MutableState<kotlin.String> origin=null
          $viewModel: GET_VAR 'viewModel: com.fruitflvme.feature_auth.AuthViewModel declared in com.fruitflvme.feature_auth.AuthScreenKt.AuthScreen' type=com.fruitflvme.feature_auth.AuthViewModel origin=null
      $mask0: CONST Int type=kotlin.Int value=7
      $handler: CONST Null type=kotlin.Any? value=null

	at org.jetbrains.kotlin.backend.jvm.codegen.FunctionCodegen.generate(FunctionCodegen.kt:48)
	at org.jetbrains.kotlin.backend.jvm.codegen.FunctionCodegen.generate$default(FunctionCodegen.kt:41)
	at org.jetbrains.kotlin.backend.jvm.codegen.ClassCodegen.generateMethodNode(ClassCodegen.kt:405)
	at org.jetbrains.kotlin.backend.jvm.codegen.ClassCodegen.generateMethod(ClassCodegen.kt:422)
	at org.jetbrains.kotlin.backend.jvm.codegen.ClassCodegen.generate(ClassCodegen.kt:167)
	at org.jetbrains.kotlin.backend.jvm.JvmIrCodegenFactory.generateFile$lambda$18(JvmIrCodegenFactory.kt:398)
	at org.jetbrains.kotlin.backend.common.phaser.PhaseBuildersKt$createSimpleNamedCompilerPhase$1.phaseBody(PhaseBuilders.kt:68)
	at org.jetbrains.kotlin.config.phaser.SimpleNamedCompilerPhase.phaseBody(CompilerPhase.kt:215)
	at org.jetbrains.kotlin.config.phaser.NamedCompilerPhase.invoke(CompilerPhase.kt:111)
	at org.jetbrains.kotlin.backend.common.phaser.PerformByIrFilePhase.invokeSequential(performByIrFile.kt:51)
	... 43 more
Caused by: org.jetbrains.kotlin.codegen.CompilationException: Back-end (JVM) Internal error: Couldn't inline method call: CALL 'public final fun rememberCoroutineScope$default (getContext: @[DisallowComposableCalls] kotlin.Function0<kotlin.coroutines.CoroutineContext>?, $mask0: kotlin.Int, $handler: kotlin.Any?): kotlinx.coroutines.CoroutineScope [inline] declared in androidx.compose.runtime.EffectsKt' type=kotlinx.coroutines.CoroutineScope origin=DEFAULT_DISPATCH_CALL
Method: null
File is unknown
The root cause java.lang.IllegalStateException was thrown at: org.jetbrains.kotlin.codegen.inline.SourceCompilerForInlineKt.getMethodNode(SourceCompilerForInline.kt:128)
	at org.jetbrains.kotlin.codegen.inline.InlineCodegen.performInline(InlineCodegen.kt:65)
	at org.jetbrains.kotlin.backend.jvm.codegen.IrInlineCodegen.genInlineCall(IrInlineCodegen.kt:163)
	at org.jetbrains.kotlin.backend.jvm.codegen.IrInlineCallGenerator.genCall(IrInlineCallGenerator.kt:36)
	at org.jetbrains.kotlin.backend.jvm.codegen.ExpressionCodegen.visitCall(ExpressionCodegen.kt:594)
	at org.jetbrains.kotlin.backend.jvm.codegen.ExpressionCodegen.visitCall(ExpressionCodegen.kt:135)
	at org.jetbrains.kotlin.ir.expressions.IrCall.accept(IrCall.kt:24)
	at org.jetbrains.kotlin.backend.jvm.codegen.ExpressionCodegen.visitVariable(ExpressionCodegen.kt:734)
	at org.jetbrains.kotlin.backend.jvm.codegen.ExpressionCodegen.visitVariable(ExpressionCodegen.kt:135)
	at org.jetbrains.kotlin.ir.declarations.IrVariable.accept(IrVariable.kt:36)
	at org.jetbrains.kotlin.backend.jvm.codegen.ExpressionCodegen.visitStatementContainer(ExpressionCodegen.kt:520)
	at org.jetbrains.kotlin.backend.jvm.codegen.ExpressionCodegen.visitBlockBody(ExpressionCodegen.kt:525)
	at org.jetbrains.kotlin.backend.jvm.codegen.ExpressionCodegen.visitBlockBody(ExpressionCodegen.kt:135)
	at org.jetbrains.kotlin.ir.expressions.IrBlockBody.accept(IrBlockBody.kt:20)
	at org.jetbrains.kotlin.backend.jvm.codegen.ExpressionCodegen.generate(ExpressionCodegen.kt:237)
	at org.jetbrains.kotlin.backend.jvm.codegen.FunctionCodegen.doGenerate(FunctionCodegen.kt:124)
	at org.jetbrains.kotlin.backend.jvm.codegen.FunctionCodegen.generate(FunctionCodegen.kt:45)
	... 52 more
Caused by: java.lang.IllegalStateException: couldn't find inline method Landroidx/compose/runtime/EffectsKt;.rememberCoroutineScope$default(Lkotlin/jvm/functions/Function0;ILjava/lang/Object;)Lkotlinx/coroutines/CoroutineScope;
	at org.jetbrains.kotlin.codegen.inline.SourceCompilerForInlineKt.getMethodNode(SourceCompilerForInline.kt:128)
	at org.jetbrains.kotlin.codegen.inline.SourceCompilerForInlineKt.loadCompiledInlineFunction(SourceCompilerForInline.kt:97)
	at org.jetbrains.kotlin.backend.jvm.codegen.IrSourceCompilerForInline.compileInlineFunction(IrSourceCompilerForInline.kt:92)
	at org.jetbrains.kotlin.codegen.inline.InlineCodegen.compileInline(InlineCodegen.kt:42)
	at org.jetbrains.kotlin.codegen.inline.InlineCodegen.performInline(InlineCodegen.kt:50)
	... 67 more


