kotlin version: 2.1.21
error message: org.jetbrains.kotlin.backend.common.BackendException: Backend Internal error: Exception during IR lowering
File being compiled: /home/trufanov/All/projectsTest/android/ThousandsOfCourses/feature_auth/src/main/java/com/fruitflvme/feature_auth/AuthScreen.kt
The root cause java.lang.RuntimeException was thrown at: org.jetbrains.kotlin.backend.jvm.codegen.FunctionCodegen.generate(FunctionCodegen.kt:48)
	at org.jetbrains.kotlin.backend.common.CodegenUtil.reportBackendException(CodegenUtil.kt:107)
	at org.jetbrains.kotlin.backend.common.CodegenUtil.reportBackendException$default(CodegenUtil.kt:90)
	at org.jetbrains.kotlin.backend.common.phaser.PerformByIrFilePhase.invokeSequential(performByIrFile.kt:54)
	at org.jetbrains.kotlin.backend.common.phaser.PerformByIrFilePhase.invoke(performByIrFile.kt:41)
	at org.jetbrains.kotlin.backend.common.phaser.PerformByIrFilePhase.invoke(performByIrFile.kt:27)
	at org.jetbrains.kotlin.config.phaser.CompilerPhaseKt.invokeToplevel(CompilerPhase.kt:62)
	at org.jetbrains.kotlin.backend.jvm.JvmIrCodegenFactory.invokeCodegen(JvmIrCodegenFactory.kt:371)
	at org.jetbrains.kotlin.cli.jvm.compiler.KotlinToJVMBytecodeCompiler.runCodegen$cli(KotlinToJVMBytecodeCompiler.kt:413)
	at org.jetbrains.kotlin.cli.pipeline.jvm.JvmBackendPipelinePhase.executePhase(JvmBackendPipelinePhase.kt:98)
	at org.jetbrains.kotlin.cli.pipeline.jvm.JvmBackendPipelinePhase.executePhase(JvmBackendPipelinePhase.kt:30)
	at org.jetbrains.kotlin.cli.pipeline.PipelinePhase.phaseBody(PipelinePhase.kt:68)
	at org.jetbrains.kotlin.cli.pipeline.PipelinePhase.phaseBody(PipelinePhase.kt:58)
	at org.jetbrains.kotlin.config.phaser.SimpleNamedCompilerPhase.phaseBody(CompilerPhase.kt:215)
	at org.jetbrains.kotlin.config.phaser.NamedCompilerPhase.invoke(CompilerPhase.kt:111)
	at org.jetbrains.kotlin.backend.common.phaser.CompositePhase.invoke(PhaseBuilders.kt:28)
	at org.jetbrains.kotlin.config.phaser.CompilerPhaseKt.invokeToplevel(CompilerPhase.kt:62)
	at org.jetbrains.kotlin.cli.pipeline.AbstractCliPipeline.runPhasedPipeline(AbstractCliPipeline.kt:106)
	at org.jetbrains.kotlin.cli.pipeline.AbstractCliPipeline.execute(AbstractCliPipeline.kt:65)
	at org.jetbrains.kotlin.cli.jvm.K2JVMCompiler.doExecutePhased(K2JVMCompiler.kt:61)
	at org.jetbrains.kotlin.cli.jvm.K2JVMCompiler.doExecutePhased(K2JVMCompiler.kt:36)
	at org.jetbrains.kotlin.cli.common.CLICompiler.execImpl(CLICompiler.kt:80)
	at org.jetbrains.kotlin.cli.common.CLICompiler.exec(CLICompiler.kt:337)
	at org.jetbrains.kotlin.incremental.IncrementalJvmCompilerRunner.runCompiler(IncrementalJvmCompilerRunner.kt:466)
	at org.jetbrains.kotlin.incremental.IncrementalJvmCompilerRunner.runCompiler(IncrementalJvmCompilerRunner.kt:75)
	at org.jetbrains.kotlin.incremental.IncrementalCompilerRunner.doCompile(IncrementalCompilerRunner.kt:514)
	at org.jetbrains.kotlin.incremental.IncrementalCompilerRunner.compileImpl(IncrementalCompilerRunner.kt:431)
	at org.jetbrains.kotlin.incremental.IncrementalCompilerRunner.compileNonIncrementally(IncrementalCompilerRunner.kt:310)
	at org.jetbrains.kotlin.incremental.IncrementalCompilerRunner.compile(IncrementalCompilerRunner.kt:137)
	at org.jetbrains.kotlin.daemon.CompileServiceImplBase.execIncrementalCompiler(CompileServiceImpl.kt:678)
	at org.jetbrains.kotlin.daemon.CompileServiceImplBase.access$execIncrementalCompiler(CompileServiceImpl.kt:92)
	at org.jetbrains.kotlin.daemon.CompileServiceImpl.compile(CompileServiceImpl.kt:1805)
	at java.base/jdk.internal.reflect.DirectMethodHandleAccessor.invoke(Unknown Source)
	at java.base/java.lang.reflect.Method.invoke(Unknown Source)
	at java.rmi/sun.rmi.server.UnicastServerRef.dispatch(Unknown Source)
	at java.rmi/sun.rmi.transport.Transport$1.run(Unknown Source)
	at java.rmi/sun.rmi.transport.Transport$1.run(Unknown Source)
	at java.base/java.security.AccessController.doPrivileged(Unknown Source)
	at java.rmi/sun.rmi.transport.Transport.serviceCall(Unknown Source)
	at java.rmi/sun.rmi.transport.tcp.TCPTransport.handleMessages(Unknown Source)
	at java.rmi/sun.rmi.transport.tcp.TCPTransport$ConnectionHandler.run0(Unknown Source)
	at java.rmi/sun.rmi.transport.tcp.TCPTransport$ConnectionHandler.lambda$run$0(Unknown Source)
	at java.base/java.security.AccessController.doPrivileged(Unknown Source)
	at java.rmi/sun.rmi.transport.tcp.TCPTransport$ConnectionHandler.run(Unknown Source)
	at java.base/java.util.concurrent.ThreadPoolExecutor.runWorker(Unknown Source)
	at java.base/java.util.concurrent.ThreadPoolExecutor$Worker.run(Unknown Source)
	at java.base/java.lang.Thread.run(Unknown Source)
Caused by: java.lang.RuntimeException: Exception while generating code for:
FUN name:AuthScreen visibility:public modality:FINAL <> (onAuthSuccess:kotlin.Function0<kotlin.Unit>, viewModel:com.fruitflvme.feature_auth.AuthViewModel) returnType:kotlin.Unit
  annotations:
    Composable
  VALUE_PARAMETER name:onAuthSuccess index:0 type:kotlin.Function0<kotlin.Unit>
  VALUE_PARAMETER name:viewModel index:1 type:com.fruitflvme.feature_auth.AuthViewModel
    EXPRESSION_BODY
      ERROR_EXPR 'Default Stub' type=com.fruitflvme.feature_auth.AuthViewModel
  BLOCK_BODY
    VAR PROPERTY_DELEGATE name:uiState$delegate type:androidx.compose.runtime.State<com.fruitflvme.feature_auth.AuthUiState> [val]
      TYPE_OP type=androidx.compose.runtime.State<com.fruitflvme.feature_auth.AuthUiState> origin=IMPLICIT_CAST typeOperand=androidx.compose.runtime.State<com.fruitflvme.feature_auth.AuthUiState>
        CALL 'public final fun collectAsState$default <T> (context: kotlin.coroutines.CoroutineContext?, $mask0: kotlin.Int, $handler: kotlin.Any?): androidx.compose.runtime.State<T of androidx.compose.runtime.SnapshotStateKt.collectAsState$default> declared in androidx.compose.runtime.SnapshotStateKt' type=androidx.compose.runtime.State<T of androidx.compose.runtime.SnapshotStateKt.collectAsState$default> origin=DEFAULT_DISPATCH_CALL
          <T>: com.fruitflvme.feature_auth.AuthUiState
          $receiver: CALL 'public final fun <get-uiState> (): kotlinx.coroutines.flow.StateFlow<com.fruitflvme.feature_auth.AuthUiState> declared in com.fruitflvme.feature_auth.AuthViewModel' type=kotlinx.coroutines.flow.StateFlow<com.fruitflvme.feature_auth.AuthUiState> origin=GET_PROPERTY
            $this: GET_VAR 'viewModel: com.fruitflvme.feature_auth.AuthViewModel declared in com.fruitflvme.feature_auth.AuthScreenKt.AuthScreen' type=com.fruitflvme.feature_auth.AuthViewModel origin=null
          context: COMPOSITE type=kotlin.coroutines.CoroutineContext? origin=DEFAULT_VALUE
            CONST Null type=kotlin.coroutines.CoroutineContext? value=null
          $mask0: CONST Int type=kotlin.Int value=1
          $handler: CONST Null type=kotlin.Any? value=null
    VAR PROPERTY_DELEGATE name:email$delegate type:androidx.compose.runtime.State<kotlin.String> [val]
      TYPE_OP type=androidx.compose.runtime.State<kotlin.String> origin=IMPLICIT_CAST typeOperand=androidx.compose.runtime.State<kotlin.String>
        CALL 'public final fun collectAsState$default <T> (context: kotlin.coroutines.CoroutineContext?, $mask0: kotlin.Int, $handler: kotlin.Any?): androidx.compose.runtime.State<T of androidx.compose.runtime.SnapshotStateKt.collectAsState$default> declared in androidx.compose.runtime.SnapshotStateKt' type=androidx.compose.runtime.State<T of androidx.compose.runtime.SnapshotStateKt.collectAsState$default> origin=DEFAULT_DISPATCH_CALL
          <T>: kotlin.String
          $receiver: CALL 'public final fun <get-email> (): kotlinx.coroutines.flow.StateFlow<kotlin.String> declared in com.fruitflvme.feature_auth.AuthViewModel' type=kotlinx.coroutines.flow.StateFlow<kotlin.String> origin=GET_PROPERTY
            $this: GET_VAR 'viewModel: com.fruitflvme.feature_auth.AuthViewModel declared in com.fruitflvme.feature_auth.AuthScreenKt.AuthScreen' type=com.fruitflvme.feature_auth.AuthViewModel origin=null
          context: COMPOSITE type=kotlin.coroutines.CoroutineContext? origin=DEFAULT_VALUE
            CONST Null type=kotlin.coroutines.CoroutineContext? value=null
          $mask0: CONST Int type=kotlin.Int value=1
          $handler: CONST Null type=kotlin.Any? value=null
    VAR PROPERTY_DELEGATE name:password$delegate type:androidx.compose.runtime.State<kotlin.String> [val]
      TYPE_OP type=androidx.compose.runtime.State<kotlin.String> origin=IMPLICIT_CAST typeOperand=androidx.compose.runtime.State<kotlin.String>
        CALL 'public final fun collectAsState$default <T> (context: kotlin.coroutines.CoroutineContext?, $mask0: kotlin.Int, $handler: kotlin.Any?): androidx.compose.runtime.State<T of androidx.compose.runtime.SnapshotStateKt.collectAsState$default> declared in androidx.compose.runtime.SnapshotStateKt' type=androidx.compose.runtime.State<T of androidx.compose.runtime.SnapshotStateKt.collectAsState$default> origin=DEFAULT_DISPATCH_CALL
          <T>: kotlin.String
          $receiver: CALL 'public final fun <get-password> (): kotlinx.coroutines.flow.StateFlow<kotlin.String> declared in com.fruitflvme.feature_auth.AuthViewModel' type=kotlinx.coroutines.flow.StateFlow<kotlin.String> origin=GET_PROPERTY
            $this: GET_VAR 'viewModel: com.fruitflvme.feature_auth.AuthViewModel declared in com.fruitflvme.feature_auth.AuthScreenKt.AuthScreen' type=com.fruitflvme.feature_auth.AuthViewModel origin=null
          context: COMPOSITE type=kotlin.coroutines.CoroutineContext? origin=DEFAULT_VALUE
            CONST Null type=kotlin.coroutines.CoroutineContext? value=null
          $mask0: CONST Int type=kotlin.Int value=1
          $handler: CONST Null type=kotlin.Any? value=null
    CALL 'public final fun LaunchedEffect (key1: kotlin.Any?, block: @[ExtensionFunctionType] kotlin.coroutines.SuspendFunction1<kotlinx.coroutines.CoroutineScope, kotlin.Unit>): kotlin.Unit declared in androidx.compose.runtime.EffectsKt' type=kotlin.Unit origin=null
      key1: CALL 'private final fun AuthScreen$lambda$0 ($uiState$delegate: androidx.compose.runtime.State<com.fruitflvme.feature_auth.AuthUiState>): com.fruitflvme.feature_auth.AuthUiState declared in com.fruitflvme.feature_auth.AuthScreenKt' type=com.fruitflvme.feature_auth.AuthUiState origin=GET_LOCAL_PROPERTY
        $uiState$delegate: GET_VAR 'val uiState$delegate: androidx.compose.runtime.State<com.fruitflvme.feature_auth.AuthUiState> [val] declared in com.fruitflvme.feature_auth.AuthScreenKt.AuthScreen' type=androidx.compose.runtime.State<com.fruitflvme.feature_auth.AuthUiState> origin=null
      block: BLOCK type=com.fruitflvme.feature_auth.AuthScreenKt.AuthScreen.<no name provided> origin=null
        CLASS SUSPEND_LAMBDA CLASS name:<no name provided> modality:FINAL visibility:public/*package*/ superTypes:[kotlin.coroutines.jvm.internal.SuspendLambda; kotlin.jvm.functions.Function2<kotlinx.coroutines.CoroutineScope, kotlin.coroutines.Continuation<kotlin.Unit>?, kotlin.Any?>]
          $this: VALUE_PARAMETER INSTANCE_RECEIVER name:<this> type:com.fruitflvme.feature_auth.AuthScreenKt.AuthScreen.<no name provided>
          FIELD name:label type:kotlin.Int visibility:public/*package*/
          CONSTRUCTOR SUSPEND_LAMBDA visibility:public/*package*/ <> ($onAuthSuccess:kotlin.Function0<kotlin.Unit>, $viewModel:com.fruitflvme.feature_auth.AuthViewModel, $uiState$delegate:androidx.compose.runtime.State<com.fruitflvme.feature_auth.AuthUiState>, $completion:kotlin.coroutines.Continuation<com.fruitflvme.feature_auth.AuthScreenKt.AuthScreen.<no name provided>>?) returnType:com.fruitflvme.feature_auth.AuthScreenKt.AuthScreen.<no name provided> [primary]
            VALUE_PARAMETER BOUND_VALUE_PARAMETER name:$onAuthSuccess index:0 type:kotlin.Function0<kotlin.Unit>
            VALUE_PARAMETER BOUND_VALUE_PARAMETER name:$viewModel index:1 type:com.fruitflvme.feature_auth.AuthViewModel
            VALUE_PARAMETER BOUND_VALUE_PARAMETER name:$uiState$delegate index:2 type:androidx.compose.runtime.State<com.fruitflvme.feature_auth.AuthUiState>
            VALUE_PARAMETER name:$completion index:3 type:kotlin.coroutines.Continuation<com.fruitflvme.feature_auth.AuthScreenKt.AuthScreen.<no name provided>>?
            BLOCK_BODY
              SET_FIELD 'FIELD FIELD_FOR_CAPTURED_VALUE name:$onAuthSuccess type:kotlin.Function0<kotlin.Unit> visibility:public/*package*/ [final] declared in com.fruitflvme.feature_auth.AuthScreenKt.AuthScreen.<no name provided>' type=kotlin.Unit origin=INITIALIZER_OF_FIELD_FOR_CAPTURED_VALUE
                receiver: GET_VAR '<this>: com.fruitflvme.feature_auth.AuthScreenKt.AuthScreen.<no name provided> declared in com.fruitflvme.feature_auth.AuthScreenKt.AuthScreen.<no name provided>' type=com.fruitflvme.feature_auth.AuthScreenKt.AuthScreen.<no name provided> origin=null
                value: GET_VAR '$onAuthSuccess: kotlin.Function0<kotlin.Unit> declared in com.fruitflvme.feature_auth.AuthScreenKt.AuthScreen.<no name provided>.<init>' type=kotlin.Function0<kotlin.Unit> origin=null
              SET_FIELD 'FIELD FIELD_FOR_CAPTURED_VALUE name:$viewModel type:com.fruitflvme.feature_auth.AuthViewModel visibility:public/*package*/ [final] declared in com.fruitflvme.feature_auth.AuthScreenKt.AuthScreen.<no name provided>' type=kotlin.Unit origin=INITIALIZER_OF_FIELD_FOR_CAPTURED_VALUE
                receiver: GET_VAR '<this>: com.fruitflvme.feature_auth.AuthScreenKt.AuthScreen.<no name provided> declared in com.fruitflvme.feature_auth.AuthScreenKt.AuthScreen.<no name provided>' type=com.fruitflvme.feature_auth.AuthScreenKt.AuthScreen.<no name provided> origin=null
                value: GET_VAR '$viewModel: com.fruitflvme.feature_auth.AuthViewModel declared in com.fruitflvme.feature_auth.AuthScreenKt.AuthScreen.<no name provided>.<init>' type=com.fruitflvme.feature_auth.AuthViewModel origin=null
              SET_FIELD 'FIELD FIELD_FOR_CAPTURED_VALUE name:$uiState$delegate type:androidx.compose.runtime.State<com.fruitflvme.feature_auth.AuthUiState> visibility:public/*package*/ [final] declared in com.fruitflvme.feature_auth.AuthScreenKt.AuthScreen.<no name provided>' type=kotlin.Unit origin=INITIALIZER_OF_FIELD_FOR_CAPTURED_VALUE
                receiver: GET_VAR '<this>: com.fruitflvme.feature_auth.AuthScreenKt.AuthScreen.<no name provided> declared in com.fruitflvme.feature_auth.AuthScreenKt.AuthScreen.<no name provided>' type=com.fruitflvme.feature_auth.AuthScreenKt.AuthScreen.<no name provided> origin=null
                value: GET_VAR '$uiState$delegate: androidx.compose.runtime.State<com.fruitflvme.feature_auth.AuthUiState> declared in com.fruitflvme.feature_auth.AuthScreenKt.AuthScreen.<no name provided>.<init>' type=androidx.compose.runtime.State<com.fruitflvme.feature_auth.AuthUiState> origin=null
              DELEGATING_CONSTRUCTOR_CALL 'public constructor <init> (arity: kotlin.Int, $completion: kotlin.coroutines.Continuation<kotlin.Any?>?) declared in kotlin.coroutines.jvm.internal.SuspendLambda'
                arity: CONST Int type=kotlin.Int value=2
                $completion: GET_VAR '$completion: kotlin.coroutines.Continuation<com.fruitflvme.feature_auth.AuthScreenKt.AuthScreen.<no name provided>>? declared in com.fruitflvme.feature_auth.AuthScreenKt.AuthScreen.<no name provided>.<init>' type=kotlin.coroutines.Continuation<com.fruitflvme.feature_auth.AuthScreenKt.AuthScreen.<no name provided>>? origin=null
              BLOCK type=kotlin.Unit origin=null
          FUN name:invokeSuspend visibility:public modality:FINAL <> ($this:com.fruitflvme.feature_auth.AuthScreenKt.AuthScreen.<no name provided>, $result:kotlin.Result<kotlin.Any?>) returnType:kotlin.Any?
            overridden:
              protected abstract fun invokeSuspend ($result: kotlin.Result<kotlin.Any?>): kotlin.Any? declared in kotlin.coroutines.jvm.internal.SuspendLambda
            $this: VALUE_PARAMETER INSTANCE_RECEIVER name:<this> type:com.fruitflvme.feature_auth.AuthScreenKt.AuthScreen.<no name provided>
            VALUE_PARAMETER name:$result index:0 type:kotlin.Result<kotlin.Any?>
            BLOCK_BODY
              WHEN type=kotlin.Unit origin=IF
                BRANCH
                  if: TYPE_OP type=kotlin.Boolean origin=INSTANCEOF typeOperand=com.fruitflvme.feature_auth.AuthUiState.Success
                    CALL 'public final fun access$AuthScreen$lambda$0 ($uiState$delegate: androidx.compose.runtime.State<com.fruitflvme.feature_auth.AuthUiState>): com.fruitflvme.feature_auth.AuthUiState declared in com.fruitflvme.feature_auth.AuthScreenKt' type=com.fruitflvme.feature_auth.AuthUiState origin=GET_LOCAL_PROPERTY
                      $uiState$delegate: GET_FIELD 'FIELD FIELD_FOR_CAPTURED_VALUE name:$uiState$delegate type:androidx.compose.runtime.State<com.fruitflvme.feature_auth.AuthUiState> visibility:public/*package*/ [final] declared in com.fruitflvme.feature_auth.AuthScreenKt.AuthScreen.<no name provided>' type=androidx.compose.runtime.State<com.fruitflvme.feature_auth.AuthUiState> origin=null
                        receiver: GET_VAR '<this>: com.fruitflvme.feature_auth.AuthScreenKt.AuthScreen.<no name provided> declared in com.fruitflvme.feature_auth.AuthScreenKt.AuthScreen.<no name provided>.invokeSuspend' type=com.fruitflvme.feature_auth.AuthScreenKt.AuthScreen.<no name provided> origin=null
                  then: BLOCK type=kotlin.Unit origin=null
                    CALL 'public abstract fun invoke (): R of kotlin.Function0 [operator] declared in kotlin.Function0' type=kotlin.Unit origin=INVOKE
                      $this: GET_FIELD 'FIELD FIELD_FOR_CAPTURED_VALUE name:$onAuthSuccess type:kotlin.Function0<kotlin.Unit> visibility:public/*package*/ [final] declared in com.fruitflvme.feature_auth.AuthScreenKt.AuthScreen.<no name provided>' type=kotlin.Function0<kotlin.Unit> origin=null
                        receiver: GET_VAR '<this>: com.fruitflvme.feature_auth.AuthScreenKt.AuthScreen.<no name provided> declared in com.fruitflvme.feature_auth.AuthScreenKt.AuthScreen.<no name provided>.invokeSuspend' type=com.fruitflvme.feature_auth.AuthScreenKt.AuthScreen.<no name provided> origin=null
                    CALL 'public final fun resetState (): kotlin.Unit declared in com.fruitflvme.feature_auth.AuthViewModel' type=kotlin.Unit origin=null
                      $this: GET_FIELD 'FIELD FIELD_FOR_CAPTURED_VALUE name:$viewModel type:com.fruitflvme.feature_auth.AuthViewModel visibility:public/*package*/ [final] declared in com.fruitflvme.feature_auth.AuthScreenKt.AuthScreen.<no name provided>' type=com.fruitflvme.feature_auth.AuthViewModel origin=null
                        receiver: GET_VAR '<this>: com.fruitflvme.feature_auth.AuthScreenKt.AuthScreen.<no name provided> declared in com.fruitflvme.feature_auth.AuthScreenKt.AuthScreen.<no name provided>.invokeSuspend' type=com.fruitflvme.feature_auth.AuthScreenKt.AuthScreen.<no name provided> origin=null
          FUN name:create visibility:public modality:FINAL <> ($this:com.fruitflvme.feature_auth.AuthScreenKt.AuthScreen.<no name provided>, value:kotlin.Any?, $completion:kotlin.coroutines.Continuation<kotlin.Nothing>) returnType:kotlin.coroutines.Continuation<kotlin.Unit>
            overridden:
              public open fun create (value: kotlin.Any?, $completion: kotlin.coroutines.Continuation<kotlin.Nothing>): kotlin.coroutines.Continuation<kotlin.Unit> declared in kotlin.coroutines.jvm.internal.SuspendLambda
            $this: VALUE_PARAMETER INSTANCE_RECEIVER name:<this> type:com.fruitflvme.feature_auth.AuthScreenKt.AuthScreen.<no name provided>
            VALUE_PARAMETER name:value index:0 type:kotlin.Any?
            VALUE_PARAMETER name:$completion index:1 type:kotlin.coroutines.Continuation<kotlin.Nothing>
            BLOCK_BODY
              RETURN type=kotlin.Nothing from='public final fun create (value: kotlin.Any?, $completion: kotlin.coroutines.Continuation<kotlin.Nothing>): kotlin.coroutines.Continuation<kotlin.Unit> declared in com.fruitflvme.feature_auth.AuthScreenKt.AuthScreen.<no name provided>'
                CONSTRUCTOR_CALL 'public/*package*/ constructor <init> ($onAuthSuccess: kotlin.Function0<kotlin.Unit>, $viewModel: com.fruitflvme.feature_auth.AuthViewModel, $uiState$delegate: androidx.compose.runtime.State<com.fruitflvme.feature_auth.AuthUiState>, $completion: kotlin.coroutines.Continuation<com.fruitflvme.feature_auth.AuthScreenKt.AuthScreen.<no name provided>>?) [primary] declared in com.fruitflvme.feature_auth.AuthScreenKt.AuthScreen.<no name provided>' type=com.fruitflvme.feature_auth.AuthScreenKt.AuthScreen.<no name provided> origin=null
                  $onAuthSuccess: GET_FIELD 'FIELD FIELD_FOR_CAPTURED_VALUE name:$onAuthSuccess type:kotlin.Function0<kotlin.Unit> visibility:public/*package*/ [final] declared in com.fruitflvme.feature_auth.AuthScreenKt.AuthScreen.<no name provided>' type=kotlin.Function0<kotlin.Unit> origin=null
                    receiver: GET_VAR '<this>: com.fruitflvme.feature_auth.AuthScreenKt.AuthScreen.<no name provided> declared in com.fruitflvme.feature_auth.AuthScreenKt.AuthScreen.<no name provided>.create' type=com.fruitflvme.feature_auth.AuthScreenKt.AuthScreen.<no name provided> origin=null
                  $viewModel: GET_FIELD 'FIELD FIELD_FOR_CAPTURED_VALUE name:$viewModel type:com.fruitflvme.feature_auth.AuthViewModel visibility:public/*package*/ [final] declared in com.fruitflvme.feature_auth.AuthScreenKt.AuthScreen.<no name provided>' type=com.fruitflvme.feature_auth.AuthViewModel origin=null
                    receiver: GET_VAR '<this>: com.fruitflvme.feature_auth.AuthScreenKt.AuthScreen.<no name provided> declared in com.fruitflvme.feature_auth.AuthScreenKt.AuthScreen.<no name provided>.create' type=com.fruitflvme.feature_auth.AuthScreenKt.AuthScreen.<no name provided> origin=null
                  $uiState$delegate: GET_FIELD 'FIELD FIELD_FOR_CAPTURED_VALUE name:$uiState$delegate type:androidx.compose.runtime.State<com.fruitflvme.feature_auth.AuthUiState> visibility:public/*package*/ [final] declared in com.fruitflvme.feature_auth.AuthScreenKt.AuthScreen.<no name provided>' type=androidx.compose.runtime.State<com.fruitflvme.feature_auth.AuthUiState> origin=null
                    receiver: GET_VAR '<this>: com.fruitflvme.feature_auth.AuthScreenKt.AuthScreen.<no name provided> declared in com.fruitflvme.feature_auth.AuthScreenKt.AuthScreen.<no name provided>.create' type=com.fruitflvme.feature_auth.AuthScreenKt.AuthScreen.<no name provided> origin=null
                  $completion: GET_VAR '$completion: kotlin.coroutines.Continuation<kotlin.Nothing> declared in com.fruitflvme.feature_auth.AuthScreenKt.AuthScreen.<no name provided>.create' type=kotlin.coroutines.Continuation<kotlin.Nothing> origin=null
          FUN name:invoke visibility:public modality:FINAL <> ($this:com.fruitflvme.feature_auth.AuthScreenKt.AuthScreen.<no name provided>, p1:kotlinx.coroutines.CoroutineScope, p2:kotlin.coroutines.Continuation<kotlin.Unit>?) returnType:kotlin.Any?
            overridden:
              public abstract fun invoke (p1: P1 of kotlin.jvm.functions.Function2, p2: P2 of kotlin.jvm.functions.Function2): R of kotlin.jvm.functions.Function2 declared in kotlin.jvm.functions.Function2
            $this: VALUE_PARAMETER INSTANCE_RECEIVER name:<this> type:com.fruitflvme.feature_auth.AuthScreenKt.AuthScreen.<no name provided>
            VALUE_PARAMETER name:p1 index:0 type:kotlinx.coroutines.CoroutineScope
            VALUE_PARAMETER name:p2 index:1 type:kotlin.coroutines.Continuation<kotlin.Unit>?
            BLOCK_BODY
              RETURN type=kotlin.Nothing from='public final fun invoke (p1: kotlinx.coroutines.CoroutineScope, p2: kotlin.coroutines.Continuation<kotlin.Unit>?): kotlin.Any? declared in com.fruitflvme.feature_auth.AuthScreenKt.AuthScreen.<no name provided>'
                CALL 'public final fun invokeSuspend ($result: kotlin.Result<kotlin.Any?>): kotlin.Any? declared in com.fruitflvme.feature_auth.AuthScreenKt.AuthScreen.<no name provided>' type=kotlin.Any? origin=null
                  $this: TYPE_OP type=com.fruitflvme.feature_auth.AuthScreenKt.AuthScreen.<no name provided> origin=IMPLICIT_CAST typeOperand=com.fruitflvme.feature_auth.AuthScreenKt.AuthScreen.<no name provided>
                    CALL 'public final fun create (value: kotlin.Any?, $completion: kotlin.coroutines.Continuation<kotlin.Nothing>): kotlin.coroutines.Continuation<kotlin.Unit> declared in com.fruitflvme.feature_auth.AuthScreenKt.AuthScreen.<no name provided>' type=kotlin.coroutines.Continuation<kotlin.Unit> origin=null
                      $this: GET_VAR '<this>: com.fruitflvme.feature_auth.AuthScreenKt.AuthScreen.<no name provided> declared in com.fruitflvme.feature_auth.AuthScreenKt.AuthScreen.<no name provided>.invoke' type=com.fruitflvme.feature_auth.AuthScreenKt.AuthScreen.<no name provided> origin=null
                      value: GET_VAR 'p1: kotlinx.coroutines.CoroutineScope declared in com.fruitflvme.feature_auth.AuthScreenKt.AuthScreen.<no name provided>.invoke' type=kotlinx.coroutines.CoroutineScope origin=null
                      $completion: GET_VAR 'p2: kotlin.coroutines.Continuation<kotlin.Unit>? declared in com.fruitflvme.feature_auth.AuthScreenKt.AuthScreen.<no name provided>.invoke' type=kotlin.coroutines.Continuation<kotlin.Unit>? origin=null
                  $result: CALL 'public final fun <unsafe-coerce> <T, R> (v: T of kotlin.jvm.internal.<unsafe-coerce>): R of kotlin.jvm.internal.<unsafe-coerce> declared in kotlin.jvm.internal' type=kotlin.Result<kotlin.Any?> origin=null
                    <T>: kotlin.Any?
                    <R>: kotlin.Result<kotlin.Any?>
                    v: GET_FIELD 'FIELD FIELD_FOR_OBJECT_INSTANCE name:INSTANCE type:kotlin.Unit visibility:public [final,static] declared in kotlin.Unit' type=kotlin.Unit origin=null
          FIELD FIELD_FOR_CAPTURED_VALUE name:$onAuthSuccess type:kotlin.Function0<kotlin.Unit> visibility:public/*package*/ [final]
          FIELD FIELD_FOR_CAPTURED_VALUE name:$viewModel type:com.fruitflvme.feature_auth.AuthViewModel visibility:public/*package*/ [final]
          FIELD FIELD_FOR_CAPTURED_VALUE name:$uiState$delegate type:androidx.compose.runtime.State<com.fruitflvme.feature_auth.AuthUiState> visibility:public/*package*/ [final]
          FUN BRIDGE name:invoke visibility:public modality:OPEN <> ($this:com.fruitflvme.feature_auth.AuthScreenKt.AuthScreen.<no name provided>, p1:kotlin.Any?, p2:kotlin.Any?) returnType:kotlin.Any?
            $this: VALUE_PARAMETER INSTANCE_RECEIVER name:<this> type:com.fruitflvme.feature_auth.AuthScreenKt.AuthScreen.<no name provided>
            VALUE_PARAMETER BRIDGE name:p1 index:0 type:kotlin.Any?
            VALUE_PARAMETER BRIDGE name:p2 index:1 type:kotlin.Any?
            EXPRESSION_BODY
              RETURN type=kotlin.Nothing from='public open fun invoke (p1: kotlin.Any?, p2: kotlin.Any?): kotlin.Any? declared in com.fruitflvme.feature_auth.AuthScreenKt.AuthScreen.<no name provided>'
                CALL 'public final fun invoke (p1: kotlinx.coroutines.CoroutineScope, p2: kotlin.coroutines.Continuation<kotlin.Unit>?): kotlin.Any? declared in com.fruitflvme.feature_auth.AuthScreenKt.AuthScreen.<no name provided>' type=kotlin.Any? origin=BRIDGE_DELEGATION
                  $this: GET_VAR '<this>: com.fruitflvme.feature_auth.AuthScreenKt.AuthScreen.<no name provided> declared in com.fruitflvme.feature_auth.AuthScreenKt.AuthScreen.<no name provided>.invoke' type=com.fruitflvme.feature_auth.AuthScreenKt.AuthScreen.<no name provided> origin=null
                  p1: TYPE_OP type=kotlinx.coroutines.CoroutineScope origin=IMPLICIT_CAST typeOperand=kotlinx.coroutines.CoroutineScope
                    GET_VAR 'p1: kotlin.Any? declared in com.fruitflvme.feature_auth.AuthScreenKt.AuthScreen.<no name provided>.invoke' type=kotlin.Any? origin=null
                  p2: TYPE_OP type=kotlin.coroutines.Continuation<*> origin=IMPLICIT_CAST typeOperand=kotlin.coroutines.Continuation<*>
                    GET_VAR 'p2: kotlin.Any? declared in com.fruitflvme.feature_auth.AuthScreenKt.AuthScreen.<no name provided>.invoke' type=kotlin.Any? origin=null
        CONSTRUCTOR_CALL 'public/*package*/ constructor <init> ($onAuthSuccess: kotlin.Function0<kotlin.Unit>, $viewModel: com.fruitflvme.feature_auth.AuthViewModel, $uiState$delegate: androidx.compose.runtime.State<com.fruitflvme.feature_auth.AuthUiState>, $completion: kotlin.coroutines.Continuation<com.fruitflvme.feature_auth.AuthScreenKt.AuthScreen.<no name provided>>?) [primary] declared in com.fruitflvme.feature_auth.AuthScreenKt.AuthScreen.<no name provided>' type=com.fruitflvme.feature_auth.AuthScreenKt.AuthScreen.<no name provided> origin=null
          $onAuthSuccess: GET_VAR 'onAuthSuccess: kotlin.Function0<kotlin.Unit> declared in com.fruitflvme.feature_auth.AuthScreenKt.AuthScreen' type=kotlin.Function0<kotlin.Unit> origin=null
          $viewModel: GET_VAR 'viewModel: com.fruitflvme.feature_auth.AuthViewModel declared in com.fruitflvme.feature_auth.AuthScreenKt.AuthScreen' type=com.fruitflvme.feature_auth.AuthViewModel origin=null
          $uiState$delegate: GET_VAR 'val uiState$delegate: androidx.compose.runtime.State<com.fruitflvme.feature_auth.AuthUiState> [val] declared in com.fruitflvme.feature_auth.AuthScreenKt.AuthScreen' type=androidx.compose.runtime.State<com.fruitflvme.feature_auth.AuthUiState> origin=null
          $completion: CONST Null type=kotlin.Nothing? value=null
    CALL 'public final fun Column (modifier: androidx.compose.ui.Modifier, verticalArrangement: androidx.compose.foundation.layout.Arrangement.Vertical, horizontalAlignment: androidx.compose.ui.Alignment.Horizontal, content: @[Composable] @[ExtensionFunctionType] kotlin.Function1<androidx.compose.foundation.layout.ColumnScope, kotlin.Unit>): kotlin.Unit [inline] declared in androidx.compose.foundation.layout.ColumnKt' type=kotlin.Unit origin=null
      modifier: CALL 'public final fun padding-3ABfNKs (all: androidx.compose.ui.unit.Dp): androidx.compose.ui.Modifier declared in androidx.compose.foundation.layout.PaddingKt' type=androidx.compose.ui.Modifier origin=null
        $receiver: CALL 'public final fun fillMaxSize$default (fraction: kotlin.Float, $mask0: kotlin.Int, $handler: kotlin.Any?): androidx.compose.ui.Modifier declared in androidx.compose.foundation.layout.SizeKt' type=androidx.compose.ui.Modifier origin=DEFAULT_DISPATCH_CALL
          $receiver: GET_FIELD 'FIELD FIELD_FOR_OBJECT_INSTANCE name:Companion type:androidx.compose.ui.Modifier.Companion visibility:public [final,static] declared in androidx.compose.ui.Modifier' type=androidx.compose.ui.Modifier.Companion origin=null
          fraction: COMPOSITE type=kotlin.Float origin=DEFAULT_VALUE
            CONST Float type=kotlin.Float value=0.0
          $mask0: CONST Int type=kotlin.Int value=1
          $handler: CONST Null type=kotlin.Any? value=null
        all: CALL 'public final fun <get-dp> (): androidx.compose.ui.unit.Dp [inline] declared in androidx.compose.ui.unit.DpKt' type=androidx.compose.ui.unit.Dp origin=GET_PROPERTY
          $receiver: CONST Int type=kotlin.Int value=16
      verticalArrangement: CALL 'public final fun <get-Center> (): androidx.compose.foundation.layout.Arrangement.HorizontalOrVertical declared in androidx.compose.foundation.layout.Arrangement' type=androidx.compose.foundation.layout.Arrangement.HorizontalOrVertical origin=GET_PROPERTY
        $this: GET_FIELD 'FIELD FIELD_FOR_OBJECT_INSTANCE name:INSTANCE type:androidx.compose.foundation.layout.Arrangement visibility:public [final,static] declared in androidx.compose.foundation.layout.Arrangement' type=androidx.compose.foundation.layout.Arrangement origin=null
      horizontalAlignment: CALL 'public final fun <get-CenterHorizontally> (): androidx.compose.ui.Alignment.Horizontal declared in androidx.compose.ui.Alignment.Companion' type=androidx.compose.ui.Alignment.Horizontal origin=GET_PROPERTY
        $this: GET_FIELD 'FIELD FIELD_FOR_OBJECT_INSTANCE name:Companion type:androidx.compose.ui.Alignment.Companion visibility:public [final,static] declared in androidx.compose.ui.Alignment' type=androidx.compose.ui.Alignment.Companion origin=null
      content: BLOCK type=@[ExtensionFunctionType] kotlin.Function1<androidx.compose.foundation.layout.ColumnScope, kotlin.Unit> origin=LAMBDA
        COMPOSITE type=kotlin.Unit origin=null
        FUNCTION_REFERENCE 'private final fun AuthScreen$lambda$11 ($email$delegate: androidx.compose.runtime.State<kotlin.String>, $viewModel: com.fruitflvme.feature_auth.AuthViewModel, $password$delegate: androidx.compose.runtime.State<kotlin.String>, $uiState$delegate: androidx.compose.runtime.State<com.fruitflvme.feature_auth.AuthUiState>): kotlin.Unit declared in com.fruitflvme.feature_auth.AuthScreenKt' type=@[ExtensionFunctionType] kotlin.Function1<androidx.compose.foundation.layout.ColumnScope, kotlin.Unit> origin=INLINE_LAMBDA reflectionTarget=null
          $email$delegate: GET_VAR 'val email$delegate: androidx.compose.runtime.State<kotlin.String> [val] declared in com.fruitflvme.feature_auth.AuthScreenKt.AuthScreen' type=androidx.compose.runtime.State<kotlin.String> origin=null
          $viewModel: GET_VAR 'viewModel: com.fruitflvme.feature_auth.AuthViewModel declared in com.fruitflvme.feature_auth.AuthScreenKt.AuthScreen' type=com.fruitflvme.feature_auth.AuthViewModel origin=null
          $password$delegate: GET_VAR 'val password$delegate: androidx.compose.runtime.State<kotlin.String> [val] declared in com.fruitflvme.feature_auth.AuthScreenKt.AuthScreen' type=androidx.compose.runtime.State<kotlin.String> origin=null
          $uiState$delegate: GET_VAR 'val uiState$delegate: androidx.compose.runtime.State<com.fruitflvme.feature_auth.AuthUiState> [val] declared in com.fruitflvme.feature_auth.AuthScreenKt.AuthScreen' type=androidx.compose.runtime.State<com.fruitflvme.feature_auth.AuthUiState> origin=null

	at org.jetbrains.kotlin.backend.jvm.codegen.FunctionCodegen.generate(FunctionCodegen.kt:48)
	at org.jetbrains.kotlin.backend.jvm.codegen.FunctionCodegen.generate$default(FunctionCodegen.kt:41)
	at org.jetbrains.kotlin.backend.jvm.codegen.ClassCodegen.generateMethodNode(ClassCodegen.kt:405)
	at org.jetbrains.kotlin.backend.jvm.codegen.ClassCodegen.generateMethod(ClassCodegen.kt:422)
	at org.jetbrains.kotlin.backend.jvm.codegen.ClassCodegen.generate(ClassCodegen.kt:167)
	at org.jetbrains.kotlin.backend.jvm.JvmIrCodegenFactory.generateFile$lambda$18(JvmIrCodegenFactory.kt:398)
	at org.jetbrains.kotlin.backend.common.phaser.PhaseBuildersKt$createSimpleNamedCompilerPhase$1.phaseBody(PhaseBuilders.kt:68)
	at org.jetbrains.kotlin.config.phaser.SimpleNamedCompilerPhase.phaseBody(CompilerPhase.kt:215)
	at org.jetbrains.kotlin.config.phaser.NamedCompilerPhase.invoke(CompilerPhase.kt:111)
	at org.jetbrains.kotlin.backend.common.phaser.PerformByIrFilePhase.invokeSequential(performByIrFile.kt:51)
	... 43 more
Caused by: org.jetbrains.kotlin.codegen.CompilationException: Back-end (JVM) Internal error: Couldn't inline method call: CALL 'public final fun Column (modifier: androidx.compose.ui.Modifier, verticalArrangement: androidx.compose.foundation.layout.Arrangement.Vertical, horizontalAlignment: androidx.compose.ui.Alignment.Horizontal, content: @[Composable] @[ExtensionFunctionType] kotlin.Function1<androidx.compose.foundation.layout.ColumnScope, kotlin.Unit>): kotlin.Unit [inline] declared in androidx.compose.foundation.layout.ColumnKt' type=kotlin.Unit origin=null
Method: null
File is unknown
The root cause java.lang.IllegalStateException was thrown at: org.jetbrains.kotlin.codegen.inline.SourceCompilerForInlineKt.getMethodNode(SourceCompilerForInline.kt:128)
	at org.jetbrains.kotlin.codegen.inline.InlineCodegen.performInline(InlineCodegen.kt:65)
	at org.jetbrains.kotlin.backend.jvm.codegen.IrInlineCodegen.genInlineCall(IrInlineCodegen.kt:163)
	at org.jetbrains.kotlin.backend.jvm.codegen.IrInlineCallGenerator.genCall(IrInlineCallGenerator.kt:36)
	at org.jetbrains.kotlin.backend.jvm.codegen.ExpressionCodegen.visitCall(ExpressionCodegen.kt:594)
	at org.jetbrains.kotlin.backend.jvm.codegen.ExpressionCodegen.visitCall(ExpressionCodegen.kt:135)
	at org.jetbrains.kotlin.ir.expressions.IrCall.accept(IrCall.kt:24)
	at org.jetbrains.kotlin.backend.jvm.codegen.ExpressionCodegen.visitStatementContainer(ExpressionCodegen.kt:520)
	at org.jetbrains.kotlin.backend.jvm.codegen.ExpressionCodegen.visitBlockBody(ExpressionCodegen.kt:525)
	at org.jetbrains.kotlin.backend.jvm.codegen.ExpressionCodegen.visitBlockBody(ExpressionCodegen.kt:135)
	at org.jetbrains.kotlin.ir.expressions.IrBlockBody.accept(IrBlockBody.kt:20)
	at org.jetbrains.kotlin.backend.jvm.codegen.ExpressionCodegen.generate(ExpressionCodegen.kt:237)
	at org.jetbrains.kotlin.backend.jvm.codegen.FunctionCodegen.doGenerate(FunctionCodegen.kt:124)
	at org.jetbrains.kotlin.backend.jvm.codegen.FunctionCodegen.generate(FunctionCodegen.kt:45)
	... 52 more
Caused by: java.lang.IllegalStateException: couldn't find inline method Landroidx/compose/foundation/layout/ColumnKt;.Column(Landroidx/compose/ui/Modifier;Landroidx/compose/foundation/layout/Arrangement$Vertical;Landroidx/compose/ui/Alignment$Horizontal;Lkotlin/jvm/functions/Function1;)V
	at org.jetbrains.kotlin.codegen.inline.SourceCompilerForInlineKt.getMethodNode(SourceCompilerForInline.kt:128)
	at org.jetbrains.kotlin.codegen.inline.SourceCompilerForInlineKt.loadCompiledInlineFunction(SourceCompilerForInline.kt:97)
	at org.jetbrains.kotlin.backend.jvm.codegen.IrSourceCompilerForInline.compileInlineFunction(IrSourceCompilerForInline.kt:92)
	at org.jetbrains.kotlin.codegen.inline.InlineCodegen.compileInline(InlineCodegen.kt:42)
	at org.jetbrains.kotlin.codegen.inline.InlineCodegen.performInline(InlineCodegen.kt:50)
	... 64 more


